[01m[K/home/yusuf/ros2_wsn/src/robot_sensing/src/linefollowing.cpp:[m[K In member function â€˜[01m[Kvoid LineFollowing::subCallback(sensor_msgs::msg::Image_<std::allocator<void> >::SharedPtr)[m[Kâ€™:
[01m[K/home/yusuf/ros2_wsn/src/robot_sensing/src/linefollowing.cpp:93:5:[m[K [01;31m[Kerror: [m[Kexpected â€˜[01m[K;[m[Kâ€™ before â€˜[01m[K_publisher[m[Kâ€™
   93 |     [01;31m[K_publisher[m[K->publish(velocityMsg);
      |     [01;31m[K^~~~~~~~~~[m[K
[01m[K/home/yusuf/ros2_wsn/src/robot_sensing/src/linefollowing.cpp:52:12:[m[K [01;35m[Kwarning: [m[Kunused variable â€˜[01m[KKi[m[Kâ€™ [[01;35m[K]8;;https://gcc.gnu.org/onlinedocs/gcc/Warning-Options.html#index-Wunused-variable-Wunused-variable]8;;[m[K]
   52 |     double [01;35m[KKi[m[K = get_parameter("Ki").as_double();
      |            [01;35m[K^~[m[K
gmake[2]: *** [CMakeFiles/line_following.dir/build.make:76: CMakeFiles/line_following.dir/src/linefollowing.cpp.o] Error 1
gmake[1]: *** [CMakeFiles/Makefile2:195: CMakeFiles/line_following.dir/all] Error 2
gmake: *** [Makefile:146: all] Error 2
