[0.032s] Invoking command in '/home/yusuf/ros2_wsn/build/sensor_fusion': CMAKE_PREFIX_PATH=${CMAKE_PREFIX_PATH}:/opt/ros/humble /usr/bin/cmake --build /home/yusuf/ros2_wsn/build/sensor_fusion -- -j8 -l8
[0.140s] [ 33%] Built target advanced_kf
[0.144s] [ 66%] Built target linear_kf
[0.151s] [ 83%] [32mBuilding CXX object CMakeFiles/noise_kf.dir/src/noise_kf.cpp.o[0m
[4.329s] [01m[K/home/yusuf/ros2_wsn/src/sensor_fusion/src/noise_kf.cpp:[m[K In function â€˜[01m[Kdouble generateGaussianNoise(double, double)[m[Kâ€™:
[4.329s] [01m[K/home/yusuf/ros2_wsn/src/sensor_fusion/src/noise_kf.cpp:17:17:[m[K [01;31m[Kerror: [m[Kâ€˜[01m[Krandom_device[m[Kâ€™ in namespace â€˜[01m[Kstd[m[Kâ€™ does not name a type
[4.329s]    17 |     static std::[01;31m[Krandom_device[m[K rd;
[4.329s]       |                 [01;31m[K^~~~~~~~~~~~~[m[K
[4.331s] [01m[K/home/yusuf/ros2_wsn/src/sensor_fusion/src/noise_kf.cpp:18:17:[m[K [01;31m[Kerror: [m[Kâ€˜[01m[Kmt19937[m[Kâ€™ in namespace â€˜[01m[Kstd[m[Kâ€™ does not name a type
[4.331s]    18 |     static std::[01;31m[Kmt19937[m[K generator(rd());
[4.332s]       |                 [01;31m[K^~~~~~~[m[K
[4.335s] [01m[K/home/yusuf/ros2_wsn/src/sensor_fusion/src/noise_kf.cpp:19:10:[m[K [01;31m[Kerror: [m[Kâ€˜[01m[Knormal_distribution[m[Kâ€™ is not a member of â€˜[01m[Kstd[m[Kâ€™; did you mean â€˜[01m[Kuniform_int_distribution[m[Kâ€™?
[4.335s]    19 |     std::[01;31m[Knormal_distribution[m[K<double> distribution(mean, stddev);
[4.335s]       |          [01;31m[K^~~~~~~~~~~~~~~~~~~[m[K
[4.335s]       |          [32m[Kuniform_int_distribution[m[K
[4.335s] [01m[K/home/yusuf/ros2_wsn/src/sensor_fusion/src/noise_kf.cpp:19:30:[m[K [01;31m[Kerror: [m[Kexpected primary-expression before â€˜[01m[Kdouble[m[Kâ€™
[4.335s]    19 |     std::normal_distribution<[01;31m[Kdouble[m[K> distribution(mean, stddev);
[4.335s]       |                              [01;31m[K^~~~~~[m[K
[4.343s] [01m[K/home/yusuf/ros2_wsn/src/sensor_fusion/src/noise_kf.cpp:20:25:[m[K [01;31m[Kerror: [m[Kâ€˜[01m[Kgenerator[m[Kâ€™ was not declared in this scope
[4.343s]    20 |     return distribution([01;31m[Kgenerator[m[K);
[4.343s]       |                         [01;31m[K^~~~~~~~~[m[K
[4.353s] [01m[K/home/yusuf/ros2_wsn/src/sensor_fusion/src/noise_kf.cpp:20:12:[m[K [01;31m[Kerror: [m[Kâ€˜[01m[Kdistribution[m[Kâ€™ was not declared in this scope
[4.353s]    20 |     return [01;31m[Kdistribution[m[K(generator);
[4.353s]       |            [01;31m[K^~~~~~~~~~~~[m[K
[4.353s] [01m[K/home/yusuf/ros2_wsn/src/sensor_fusion/src/noise_kf.cpp:16:37:[m[K [01;35m[Kwarning: [m[Kunused parameter â€˜[01m[Kmean[m[Kâ€™ [[01;35m[K]8;;https://gcc.gnu.org/onlinedocs/gcc/Warning-Options.html#index-Wunused-parameter-Wunused-parameter]8;;[m[K]
[4.353s]    16 | double generateGaussianNoise([01;35m[Kdouble mean[m[K, double stddev) {
[4.353s]       |                              [01;35m[K~~~~~~~^~~~[m[K
[4.353s] [01m[K/home/yusuf/ros2_wsn/src/sensor_fusion/src/noise_kf.cpp:16:50:[m[K [01;35m[Kwarning: [m[Kunused parameter â€˜[01m[Kstddev[m[Kâ€™ [[01;35m[K]8;;https://gcc.gnu.org/onlinedocs/gcc/Warning-Options.html#index-Wunused-parameter-Wunused-parameter]8;;[m[K]
[4.353s]    16 | double generateGaussianNoise(double mean, [01;35m[Kdouble stddev[m[K) {
[4.353s]       |                                           [01;35m[K~~~~~~~^~~~~~[m[K
[4.487s] [01m[K/home/yusuf/ros2_wsn/src/sensor_fusion/src/noise_kf.cpp:[m[K In member function â€˜[01m[Kvoid KalmanFilter::update(double, double)[m[Kâ€™:
[4.488s] [01m[K/home/yusuf/ros2_wsn/src/sensor_fusion/src/noise_kf.cpp:55:12:[m[K [01;31m[Kerror: [m[Kredeclaration of â€˜[01m[Kdouble noisy_x[m[Kâ€™
[4.488s]    55 |     double [01;31m[Knoisy_x[m[K = measurement_y + generateGaussianNoise(0,R);
[4.488s]       |            [01;31m[K^~~~~~~[m[K
[4.488s] [01m[K/home/yusuf/ros2_wsn/src/sensor_fusion/src/noise_kf.cpp:54:12:[m[K [01;36m[Knote: [m[Kâ€˜[01m[Kdouble noisy_x[m[Kâ€™ previously declared here
[4.488s]    54 |     double [01;36m[Knoisy_x[m[K = measurement_x + generateGaussianNoise(0,R);
[4.488s]       |            [01;36m[K^~~~~~~[m[K
[4.497s] [01m[K/home/yusuf/ros2_wsn/src/sensor_fusion/src/noise_kf.cpp:59:18:[m[K [01;31m[Kerror: [m[Kâ€˜[01m[Knoisy_y[m[Kâ€™ was not declared in this scope; did you mean â€˜[01m[Knoisy_x[m[Kâ€™?
[4.497s]    59 |     Z << noisy_x,[01;31m[Knoisy_y[m[K;
[4.497s]       |                  [01;31m[K^~~~~~~[m[K
[4.497s]       |                  [32m[Knoisy_x[m[K
[9.460s] gmake[2]: *** [CMakeFiles/noise_kf.dir/build.make:76: CMakeFiles/noise_kf.dir/src/noise_kf.cpp.o] Error 1
[9.460s] gmake[1]: *** [CMakeFiles/Makefile2:193: CMakeFiles/noise_kf.dir/all] Error 2
[9.461s] gmake: *** [Makefile:146: all] Error 2
[9.463s] Invoked command in '/home/yusuf/ros2_wsn/build/sensor_fusion' returned '2': CMAKE_PREFIX_PATH=${CMAKE_PREFIX_PATH}:/opt/ros/humble /usr/bin/cmake --build /home/yusuf/ros2_wsn/build/sensor_fusion -- -j8 -l8
