[01m[K/home/yusuf/ros2_wsn/src/robot_sensing/src/linefollowing.cpp:141:2:[m[K [01;31m[Kerror: [m[Kexpected â€˜[01m[K}[m[Kâ€™ at end of input
  141 | }
      |  [01;31m[K^[m[K
[01m[K/home/yusuf/ros2_wsn/src/robot_sensing/src/linefollowing.cpp:16:1:[m[K [01;36m[Knote: [m[Kto match this â€˜[01m[K{[m[Kâ€™
   16 | [01;36m[K{[m[K
      | [01;36m[K^[m[K
[01m[K/home/yusuf/ros2_wsn/src/robot_sensing/src/linefollowing.cpp:[m[K In constructor â€˜[01m[KLineFollowing::LineFollowing()[m[Kâ€™:
[01m[K/home/yusuf/ros2_wsn/src/robot_sensing/src/linefollowing.cpp:24:5:[m[K [01;31m[Kerror: [m[Kâ€˜[01m[K_subscriber[m[Kâ€™ was not declared in this scope; did you mean â€˜[01m[Kcount_subscribers[m[Kâ€™?
   24 |     [01;31m[K_subscriber[m[K = this->create_subscription<sensor_msgs::msg::Image>(
      |     [01;31m[K^~~~~~~~~~~[m[K
      |     [32m[Kcount_subscribers[m[K
[01m[K/home/yusuf/ros2_wsn/src/robot_sensing/src/linefollowing.cpp:27:5:[m[K [01;31m[Kerror: [m[Kâ€˜[01m[K_publisher[m[Kâ€™ was not declared in this scope; did you mean â€˜[01m[Krmw_publisher_t[m[Kâ€™?
   27 |     [01;31m[K_publisher[m[K = this->create_publisher<geometry_msgs::msg::Twist>("/cmd_vel", 10);
      |     [01;31m[K^~~~~~~~~~[m[K
      |     [32m[Krmw_publisher_t[m[K
[01m[K/home/yusuf/ros2_wsn/src/robot_sensing/src/linefollowing.cpp:[m[K In member function â€˜[01m[Kvoid LineFollowing::subCallback(sensor_msgs::msg::Image_<std::allocator<void> >::SharedPtr)[m[Kâ€™:
[01m[K/home/yusuf/ros2_wsn/src/robot_sensing/src/linefollowing.cpp:131:10:[m[K [01;35m[Kwarning: [m[Kunused variable â€˜[01m[K_count[m[Kâ€™ [[01;35m[K]8;;https://gcc.gnu.org/onlinedocs/gcc/Warning-Options.html#index-Wunused-variable-Wunused-variable]8;;[m[K]
  131 |   size_t [01;35m[K_count[m[K;
      |          [01;35m[K^~~~~~[m[K
[01m[K/home/yusuf/ros2_wsn/src/robot_sensing/src/linefollowing.cpp:[m[K At global scope:
[01m[K/home/yusuf/ros2_wsn/src/robot_sensing/src/linefollowing.cpp:141:2:[m[K [01;31m[Kerror: [m[Kexpected unqualified-id at end of input
  141 | }
      |  [01;31m[K^[m[K
gmake[2]: *** [CMakeFiles/line_following.dir/build.make:76: CMakeFiles/line_following.dir/src/linefollowing.cpp.o] Error 1
gmake[1]: *** [CMakeFiles/Makefile2:195: CMakeFiles/line_following.dir/all] Error 2
gmake: *** [Makefile:146: all] Error 2
